<?xml version="1.0" encoding="UTF-8"?>
<!-- Generated by org.testng.reporters.JUnitXMLReporter -->
<testsuite hostname="Anup" name="Test" tests="4" failures="0" timestamp="1 Jun 2020 11:22:01 GMT" time="95.175" errors="0">
  <testcase name="NavigateToHome" time="0.449" classname="qaDemo.MenuValidate"/>
  <testcase name="NavigateToHome" time="32.927" classname="qaDemo.NavigateHome"/>
  <testcase name="NavigateToHome" time="19.237" classname="qaDemo.NavigateHome"/>
  <testcase name="NavigateToHome" time="0.14" classname="qaDemo.Asserting"/>
</testsuite> <!-- Test -->
